<?xml version="1.0" encoding="UTF-8"?>
<testsuites name="TestSuiteSaucedemo" time="20.602" tests="2" failures="0" errors="0">
   <testsuite name="TestSuiteSaucedemo" tests="2" failures="0" errors="0" time="20.602" skipped="0" timestamp="18-03-2024T16:20:10" hostname="tyler - Tyler" id="Test Suites/TestSuiteSaucedemo">
      <properties>
         <property name="deviceName" value=""/>
         <property name="devicePlatform" value=""/>
         <property name="logFolder" value="D:\\2024\\Projects QA\\Katalon - Automation\\Project-Saucedemo\\Reports\\20240318_162007\\TestSuiteSaucedemo\\20240318_162007"/>
         <property name="logFiles" value="D:\\2024\\Projects QA\\Katalon - Automation\\Project-Saucedemo\\Reports\\20240318_162007\\TestSuiteSaucedemo\\20240318_162007\\execution0.log"/>
         <property name="attachments" value="D:\\2024\\Projects QA\\Katalon - Automation\\Project-Saucedemo\\Reports\\20240318_162007\\TestSuiteSaucedemo\\20240318_162007\\D:/2024/Projects QA/Katalon - Automation/Project-Saucedemo/Imagenes/test.png, D:\\2024\\Projects QA\\Katalon - Automation\\Project-Saucedemo\\Reports\\20240318_162007\\TestSuiteSaucedemo\\20240318_162007\\D:/2024/Projects QA/Katalon - Automation/Project-Saucedemo/Imagenes/test1.png"/>
         <property name="hostName" value="tyler - Tyler"/>
         <property name="os" value="Windows 11 64bit"/>
         <property name="katalonVersion" value="9.2.0.212"/>
         <property name="browser" value="Firefox 123.0"/>
         <property name="hostAddress" value="192.168.0.19"/>
         <property name="sessionId" value="6a199c82-1643-4f97-98b3-0b7792b049da"/>
         <property name="seleniumVersion" value="3.141.59"/>
         <property name="proxyInformation" value="ProxyInformation { proxyOption=NO_PROXY, proxyServerType=HTTP, username=, password=********, proxyServerAddress=, proxyServerPort=0, executionList=&quot;&quot;, isApplyToDesiredCapabilities=true }"/>
         <property name="platform" value="Windows 11"/>
      </properties>
      <testcase name="Test Cases/TestLogin/Login" time="9.056" classname="Test Cases/TestLogin/Login" status="PASSED">
         <system-out><![CDATA[18-03-2024T16:20:10 - [TEST_CASE][PASSED] - Test Cases/TestLogin/Login: Test Cases/TestLogin/Login

18-03-2024T16:20:10 - [TEST_STEP][PASSED] - openBrowser(""): Browser is opened with url: ''

18-03-2024T16:20:11 - [MESSAGE][INFO] - Starting 'Firefox' driver

18-03-2024T16:20:11 - [MESSAGE][INFO] - Action delay is set to 0 milliseconds

18-03-2024T16:20:13 - [MESSAGE][PASSED] - Browser is opened with url: ''

18-03-2024T16:20:13 - [TEST_STEP][PASSED] - navigateToUrl("https://www.saucedemo.com/"): Navigate to 'https://www.saucedemo.com/' successfully

18-03-2024T16:20:15 - [MESSAGE][PASSED] - Navigate to 'https://www.saucedemo.com/' successfully

18-03-2024T16:20:15 - [TEST_STEP][PASSED] - click(findTestObject("Object Repository/Login_Page/userTxt")): Object: 'Object Repository/Login_Page/userTxt' is clicked on

18-03-2024T16:20:15 - [MESSAGE][PASSED] - Object: 'Object Repository/Login_Page/userTxt' is clicked on

18-03-2024T16:20:15 - [TEST_STEP][PASSED] - setText(findTestObject("Object Repository/Login_Page/userTxt"), "standard_user"): Text 'standard_user' is set on object 'Object Repository/Login_Page/userTxt'

18-03-2024T16:20:16 - [MESSAGE][PASSED] - Text 'standard_user' is set on object 'Object Repository/Login_Page/userTxt'

18-03-2024T16:20:16 - [TEST_STEP][PASSED] - setEncryptedText(findTestObject("Object Repository/Login_Page/passTxt"), "qcu24s4901FyWDTwXGr6XA=="): Text ****** has been set on object 'Object Repository/Login_Page/passTxt'

18-03-2024T16:20:16 - [MESSAGE][PASSED] - Text ****** has been set on object 'Object Repository/Login_Page/passTxt'

18-03-2024T16:20:16 - [TEST_STEP][PASSED] - click(findTestObject("Object Repository/Login_Page/loginBtn")): Object: 'Object Repository/Login_Page/loginBtn' is clicked on

18-03-2024T16:20:17 - [MESSAGE][PASSED] - Object: 'Object Repository/Login_Page/loginBtn' is clicked on

18-03-2024T16:20:17 - [TEST_STEP][PASSED] - click(findTestObject("Object Repository/Login_Page/div_Sauce Labs Backpackcarry.allTheThings()_33489d")): Object: 'Object Repository/Login_Page/div_Sauce Labs Backpackcarry.allTheThings()_33489d' is clicked on

18-03-2024T16:20:17 - [MESSAGE][PASSED] - Object: 'Object Repository/Login_Page/div_Sauce Labs Backpackcarry.allTheThings()_33489d' is clicked on

18-03-2024T16:20:17 - [TEST_STEP][PASSED] - doubleClick(findTestObject("Object Repository/Login_Page/productsSpan")): Object: 'Object Repository/Login_Page/productsSpan' is double clicked on

18-03-2024T16:20:18 - [MESSAGE][PASSED] - Object: 'Object Repository/Login_Page/productsSpan' is double clicked on

18-03-2024T16:20:18 - [TEST_STEP][PASSED] - click(findTestObject("Object Repository/Login_Page/div_Sauce Labs Backpackcarry.allTheThings()_33489d")): Object: 'Object Repository/Login_Page/div_Sauce Labs Backpackcarry.allTheThings()_33489d' is clicked on

18-03-2024T16:20:18 - [MESSAGE][PASSED] - Object: 'Object Repository/Login_Page/div_Sauce Labs Backpackcarry.allTheThings()_33489d' is clicked on

18-03-2024T16:20:18 - [TEST_STEP][PASSED] - takeScreenshot("D:/2024/Projects QA/Katalon - Automation/Project-Saucedemo/Imagenes/test.png"): Taking screenshot successfully

18-03-2024T16:20:18 - [MESSAGE][PASSED] - Taking screenshot successfully
[[ATTACHMENT|D:\\2024\\Projects QA\\Katalon - Automation\\Project-Saucedemo\\Reports\\20240318_162007\\TestSuiteSaucedemo\\20240318_162007\\D:/2024/Projects QA/Katalon - Automation/Project-Saucedemo/Imagenes/test.png]]

18-03-2024T16:20:18 - [TEST_STEP][PASSED] - closeBrowser(): Browser is closed

18-03-2024T16:20:19 - [MESSAGE][PASSED] - Browser is closed]]></system-out>
         <system-err><![CDATA[]]></system-err>
      </testcase>
      <testcase name="Test Cases/TestCarritoCompras/CarritoCompra" time="11.413" classname="Test Cases/TestCarritoCompras/CarritoCompra" status="PASSED">
         <system-out><![CDATA[18-03-2024T16:20:19 - [TEST_CASE][PASSED] - Test Cases/TestCarritoCompras/CarritoCompra: Test Cases/TestCarritoCompras/CarritoCompra

18-03-2024T16:20:19 - [TEST_STEP][PASSED] - openBrowser(""): Browser is opened with url: ''

18-03-2024T16:20:19 - [MESSAGE][INFO] - Starting 'Firefox' driver

18-03-2024T16:20:19 - [MESSAGE][INFO] - Action delay is set to 0 milliseconds

18-03-2024T16:20:21 - [MESSAGE][PASSED] - Browser is opened with url: ''

18-03-2024T16:20:21 - [TEST_STEP][PASSED] - navigateToUrl("https://www.saucedemo.com/"): Navigate to 'https://www.saucedemo.com/' successfully

18-03-2024T16:20:25 - [MESSAGE][PASSED] - Navigate to 'https://www.saucedemo.com/' successfully

18-03-2024T16:20:25 - [TEST_STEP][PASSED] - click(findTestObject("Object Repository/Login_Page/userTxt")): Object: 'Object Repository/Login_Page/userTxt' is clicked on

18-03-2024T16:20:26 - [MESSAGE][PASSED] - Object: 'Object Repository/Login_Page/userTxt' is clicked on

18-03-2024T16:20:26 - [TEST_STEP][PASSED] - setText(findTestObject("Object Repository/Login_Page/userTxt"), "standard_user"): Text 'standard_user' is set on object 'Object Repository/Login_Page/userTxt'

18-03-2024T16:20:26 - [MESSAGE][PASSED] - Text 'standard_user' is set on object 'Object Repository/Login_Page/userTxt'

18-03-2024T16:20:26 - [TEST_STEP][PASSED] - setEncryptedText(findTestObject("Object Repository/Login_Page/passTxt"), "qcu24s4901FyWDTwXGr6XA=="): Text ****** has been set on object 'Object Repository/Login_Page/passTxt'

18-03-2024T16:20:27 - [MESSAGE][PASSED] - Text ****** has been set on object 'Object Repository/Login_Page/passTxt'

18-03-2024T16:20:27 - [TEST_STEP][PASSED] - click(findTestObject("Object Repository/Login_Page/loginBtn")): Object: 'Object Repository/Login_Page/loginBtn' is clicked on

18-03-2024T16:20:27 - [MESSAGE][PASSED] - Object: 'Object Repository/Login_Page/loginBtn' is clicked on

18-03-2024T16:20:27 - [TEST_STEP][PASSED] - click(findTestObject("Object Repository/Login_Page/div_Sauce Labs Backpackcarry.allTheThings()_33489d")): Object: 'Object Repository/Login_Page/div_Sauce Labs Backpackcarry.allTheThings()_33489d' is clicked on

18-03-2024T16:20:28 - [MESSAGE][PASSED] - Object: 'Object Repository/Login_Page/div_Sauce Labs Backpackcarry.allTheThings()_33489d' is clicked on

18-03-2024T16:20:28 - [TEST_STEP][PASSED] - click(findTestObject("Object Repository/Carrito_Page/button_Add to cart")): Object: 'Object Repository/Carrito_Page/button_Add to cart' is clicked on

18-03-2024T16:20:28 - [MESSAGE][PASSED] - Object: 'Object Repository/Carrito_Page/button_Add to cart' is clicked on

18-03-2024T16:20:28 - [TEST_STEP][PASSED] - click(findTestObject("Object Repository/Carrito_Page/button_Add to cart_1")): Object: 'Object Repository/Carrito_Page/button_Add to cart_1' is clicked on

18-03-2024T16:20:29 - [MESSAGE][PASSED] - Object: 'Object Repository/Carrito_Page/button_Add to cart_1' is clicked on

18-03-2024T16:20:29 - [TEST_STEP][PASSED] - click(findTestObject("Object Repository/Carrito_Page/a_2")): Object: 'Object Repository/Carrito_Page/a_2' is clicked on

18-03-2024T16:20:29 - [MESSAGE][PASSED] - Object: 'Object Repository/Carrito_Page/a_2' is clicked on

18-03-2024T16:20:29 - [TEST_STEP][PASSED] - click(findTestObject("Object Repository/Carrito_Page/span_Your Cart")): Object: 'Object Repository/Carrito_Page/span_Your Cart' is clicked on

18-03-2024T16:20:30 - [MESSAGE][PASSED] - Object: 'Object Repository/Carrito_Page/span_Your Cart' is clicked on

18-03-2024T16:20:30 - [TEST_STEP][PASSED] - takeScreenshot("D:/2024/Projects QA/Katalon - Automation/Project-Saucedemo/Imagenes/test1.png"): Taking screenshot successfully

18-03-2024T16:20:30 - [MESSAGE][PASSED] - Taking screenshot successfully
[[ATTACHMENT|D:\\2024\\Projects QA\\Katalon - Automation\\Project-Saucedemo\\Reports\\20240318_162007\\TestSuiteSaucedemo\\20240318_162007\\D:/2024/Projects QA/Katalon - Automation/Project-Saucedemo/Imagenes/test1.png]]

18-03-2024T16:20:30 - [TEST_STEP][PASSED] - closeBrowser(): Browser is closed

18-03-2024T16:20:31 - [MESSAGE][PASSED] - Browser is closed]]></system-out>
         <system-err><![CDATA[]]></system-err>
      </testcase>
      <system-out><![CDATA[18-03-2024T16:20:10 - [TEST_SUITE][PASSED] - TestSuiteSaucedemo: Test Cases/TestCarritoCompras/CarritoCompra]]></system-out>
      <system-err><![CDATA[]]></system-err>
   </testsuite>
</testsuites>
